[0.166s] DEBUG:colcon:Command line arguments: ['/usr/bin/colcon', 'build', '--symlink-install']
[0.166s] DEBUG:colcon:Parsed command line arguments: Namespace(log_base=None, log_level=None, verb_name='build', build_base='build', install_base='install', merge_install=False, symlink_install=True, test_result_base=None, continue_on_error=False, executor='parallel', parallel_workers=8, event_handlers=None, ignore_user_meta=False, metas=['./colcon.meta'], base_paths=['.'], packages_ignore=None, packages_ignore_regex=None, paths=None, packages_up_to=None, packages_up_to_regex=None, packages_above=None, packages_above_and_dependencies=None, packages_above_depth=None, packages_select_by_dep=None, packages_skip_by_dep=None, packages_skip_up_to=None, packages_select_build_failed=False, packages_skip_build_finished=False, packages_select_test_failures=False, packages_skip_test_passed=False, packages_select=None, packages_skip=None, packages_select_regex=None, packages_skip_regex=None, packages_start=None, packages_end=None, allow_overriding=[], cmake_args=None, cmake_target=None, cmake_target_skip_unavailable=False, cmake_clean_cache=False, cmake_clean_first=False, cmake_force_configure=False, ament_cmake_args=None, catkin_cmake_args=None, catkin_skip_building_tests=False, verb_parser=<colcon_defaults.argument_parser.defaults.DefaultArgumentsDecorator object at 0x704c32b7dfd0>, verb_extension=<colcon_core.verb.build.BuildVerb object at 0x704c32b7dd90>, main=<bound method BuildVerb.main of <colcon_core.verb.build.BuildVerb object at 0x704c32b7dd90>>)
[0.206s] Level 1:colcon.colcon_core.package_discovery:discover_packages(colcon_meta) check parameters
[0.206s] Level 1:colcon.colcon_core.package_discovery:discover_packages(recursive) check parameters
[0.206s] Level 1:colcon.colcon_core.package_discovery:discover_packages(ignore) check parameters
[0.206s] Level 1:colcon.colcon_core.package_discovery:discover_packages(path) check parameters
[0.206s] Level 1:colcon.colcon_core.package_discovery:discover_packages(colcon_meta) discover
[0.206s] Level 1:colcon.colcon_core.package_discovery:discover_packages(recursive) discover
[0.206s] INFO:colcon.colcon_core.package_discovery:Crawling recursively for packages in '/home/ad/dev_ws/src/my_bot'
[0.206s] Level 1:colcon.colcon_core.package_identification:_identify(.) by extensions ['ignore', 'ignore_ament_install']
[0.206s] Level 1:colcon.colcon_core.package_identification:_identify(.) by extension 'ignore'
[0.206s] Level 1:colcon.colcon_core.package_identification:_identify(.) by extension 'ignore_ament_install'
[0.206s] Level 1:colcon.colcon_core.package_identification:_identify(.) by extensions ['colcon_pkg']
[0.206s] Level 1:colcon.colcon_core.package_identification:_identify(.) by extension 'colcon_pkg'
[0.206s] Level 1:colcon.colcon_core.package_identification:_identify(.) by extensions ['colcon_meta']
[0.206s] Level 1:colcon.colcon_core.package_identification:_identify(.) by extension 'colcon_meta'
[0.206s] Level 1:colcon.colcon_core.package_identification:_identify(.) by extensions ['ros']
[0.206s] Level 1:colcon.colcon_core.package_identification:_identify(.) by extension 'ros'
[0.230s] DEBUG:colcon.colcon_core.package_identification:Package '.' with type 'ros.ament_cmake' and name 'articubot_one'
[0.230s] Level 1:colcon.colcon_core.package_discovery:discover_packages(recursive) using defaults
[0.230s] Level 1:colcon.colcon_core.package_discovery:discover_packages(ignore) discover
[0.230s] Level 1:colcon.colcon_core.package_discovery:discover_packages(ignore) using defaults
[0.230s] Level 1:colcon.colcon_core.package_discovery:discover_packages(path) discover
[0.231s] Level 1:colcon.colcon_core.package_discovery:discover_packages(path) using defaults
[0.248s] Level 1:colcon.colcon_core.package_discovery:discover_packages(prefix_path) check parameters
[0.248s] Level 1:colcon.colcon_core.package_discovery:discover_packages(prefix_path) discover
[0.251s] DEBUG:colcon.colcon_installed_package_information.package_discovery:Found 288 installed packages in /opt/ros/jazzy
[0.252s] Level 1:colcon.colcon_core.package_discovery:discover_packages(prefix_path) using defaults
[0.300s] Level 5:colcon.colcon_core.verb:set package 'articubot_one' build argument 'cmake_args' from command line to 'None'
[0.300s] Level 5:colcon.colcon_core.verb:set package 'articubot_one' build argument 'cmake_target' from command line to 'None'
[0.300s] Level 5:colcon.colcon_core.verb:set package 'articubot_one' build argument 'cmake_target_skip_unavailable' from command line to 'False'
[0.300s] Level 5:colcon.colcon_core.verb:set package 'articubot_one' build argument 'cmake_clean_cache' from command line to 'False'
[0.300s] Level 5:colcon.colcon_core.verb:set package 'articubot_one' build argument 'cmake_clean_first' from command line to 'False'
[0.300s] Level 5:colcon.colcon_core.verb:set package 'articubot_one' build argument 'cmake_force_configure' from command line to 'False'
[0.300s] Level 5:colcon.colcon_core.verb:set package 'articubot_one' build argument 'ament_cmake_args' from command line to 'None'
[0.300s] Level 5:colcon.colcon_core.verb:set package 'articubot_one' build argument 'catkin_cmake_args' from command line to 'None'
[0.300s] Level 5:colcon.colcon_core.verb:set package 'articubot_one' build argument 'catkin_skip_building_tests' from command line to 'False'
[0.300s] DEBUG:colcon.colcon_core.verb:Building package 'articubot_one' with the following arguments: {'ament_cmake_args': None, 'build_base': '/home/ad/dev_ws/src/my_bot/build/articubot_one', 'catkin_cmake_args': None, 'catkin_skip_building_tests': False, 'cmake_args': None, 'cmake_clean_cache': False, 'cmake_clean_first': False, 'cmake_force_configure': False, 'cmake_target': None, 'cmake_target_skip_unavailable': False, 'install_base': '/home/ad/dev_ws/src/my_bot/install/articubot_one', 'merge_install': False, 'path': '/home/ad/dev_ws/src/my_bot', 'symlink_install': True, 'test_result_base': None}
[0.300s] INFO:colcon.colcon_core.executor:Executing jobs using 'parallel' executor
[0.301s] DEBUG:colcon.colcon_parallel_executor.executor.parallel:run_until_complete
[0.301s] INFO:colcon.colcon_ros.task.ament_cmake.build:Building ROS package in '/home/ad/dev_ws/src/my_bot' with build type 'ament_cmake'
[0.301s] INFO:colcon.colcon_cmake.task.cmake.build:Building CMake package in '/home/ad/dev_ws/src/my_bot'
[0.304s] INFO:colcon.colcon_core.plugin_system:Skipping extension 'colcon_core.shell.bat': Not used on non-Windows systems
[0.304s] INFO:colcon.colcon_core.shell:Skip shell extension 'powershell' for command environment: Not usable outside of PowerShell
[0.304s] DEBUG:colcon.colcon_core.shell:Skip shell extension 'dsv' for command environment
[0.309s] DEBUG:colcon.colcon_core.event_handler.log_command:Invoking command in '/home/ad/dev_ws/src/my_bot/build/articubot_one': CMAKE_PREFIX_PATH=${CMAKE_PREFIX_PATH}:/opt/ros/jazzy DEBUGINFOD_URLS=https://debuginfod.ubuntu.com /usr/bin/cmake /home/ad/dev_ws/src/my_bot -DAMENT_CMAKE_SYMLINK_INSTALL=1 -DCMAKE_INSTALL_PREFIX=/home/ad/dev_ws/src/my_bot/install/articubot_one
[0.976s] DEBUG:colcon.colcon_core.event_handler.log_command:Invoked command in '/home/ad/dev_ws/src/my_bot/build/articubot_one' returned '0': CMAKE_PREFIX_PATH=${CMAKE_PREFIX_PATH}:/opt/ros/jazzy DEBUGINFOD_URLS=https://debuginfod.ubuntu.com /usr/bin/cmake /home/ad/dev_ws/src/my_bot -DAMENT_CMAKE_SYMLINK_INSTALL=1 -DCMAKE_INSTALL_PREFIX=/home/ad/dev_ws/src/my_bot/install/articubot_one
[0.977s] DEBUG:colcon.colcon_core.event_handler.log_command:Invoking command in '/home/ad/dev_ws/src/my_bot/build/articubot_one': CMAKE_PREFIX_PATH=${CMAKE_PREFIX_PATH}:/opt/ros/jazzy DEBUGINFOD_URLS=https://debuginfod.ubuntu.com /usr/bin/cmake --build /home/ad/dev_ws/src/my_bot/build/articubot_one -- -j8 -l8
[1.004s] DEBUG:colcon.colcon_core.event_handler.log_command:Invoked command in '/home/ad/dev_ws/src/my_bot/build/articubot_one' returned '0': CMAKE_PREFIX_PATH=${CMAKE_PREFIX_PATH}:/opt/ros/jazzy DEBUGINFOD_URLS=https://debuginfod.ubuntu.com /usr/bin/cmake --build /home/ad/dev_ws/src/my_bot/build/articubot_one -- -j8 -l8
[1.011s] DEBUG:colcon.colcon_core.event_handler.log_command:Invoking command in '/home/ad/dev_ws/src/my_bot/build/articubot_one': CMAKE_PREFIX_PATH=${CMAKE_PREFIX_PATH}:/opt/ros/jazzy DEBUGINFOD_URLS=https://debuginfod.ubuntu.com /usr/bin/cmake --install /home/ad/dev_ws/src/my_bot/build/articubot_one
[1.252s] Level 1:colcon.colcon_core.environment:create_environment_scripts_only(articubot_one)
[1.253s] DEBUG:colcon.colcon_core.event_handler.log_command:Invoked command in '/home/ad/dev_ws/src/my_bot/build/articubot_one' returned '0': CMAKE_PREFIX_PATH=${CMAKE_PREFIX_PATH}:/opt/ros/jazzy DEBUGINFOD_URLS=https://debuginfod.ubuntu.com /usr/bin/cmake --install /home/ad/dev_ws/src/my_bot/build/articubot_one
[1.262s] Level 1:colcon.colcon_core.environment:checking '/home/ad/dev_ws/src/my_bot/install/articubot_one' for CMake module files
[1.263s] Level 1:colcon.colcon_core.environment:checking '/home/ad/dev_ws/src/my_bot/install/articubot_one' for CMake config files
[1.263s] Level 1:colcon.colcon_core.shell:create_environment_hook('articubot_one', 'cmake_prefix_path')
[1.263s] INFO:colcon.colcon_core.shell:Creating environment hook '/home/ad/dev_ws/src/my_bot/install/articubot_one/share/articubot_one/hook/cmake_prefix_path.ps1'
[1.264s] INFO:colcon.colcon_core.shell:Creating environment descriptor '/home/ad/dev_ws/src/my_bot/install/articubot_one/share/articubot_one/hook/cmake_prefix_path.dsv'
[1.264s] INFO:colcon.colcon_core.shell:Creating environment hook '/home/ad/dev_ws/src/my_bot/install/articubot_one/share/articubot_one/hook/cmake_prefix_path.sh'
[1.265s] Level 1:colcon.colcon_core.environment:checking '/home/ad/dev_ws/src/my_bot/install/articubot_one/bin'
[1.265s] Level 1:colcon.colcon_core.environment:checking '/home/ad/dev_ws/src/my_bot/install/articubot_one/lib/pkgconfig/articubot_one.pc'
[1.265s] Level 1:colcon.colcon_core.environment:checking '/home/ad/dev_ws/src/my_bot/install/articubot_one/lib/python3.12/site-packages'
[1.265s] Level 1:colcon.colcon_core.environment:checking '/home/ad/dev_ws/src/my_bot/install/articubot_one/bin'
[1.266s] INFO:colcon.colcon_core.shell:Creating package script '/home/ad/dev_ws/src/my_bot/install/articubot_one/share/articubot_one/package.ps1'
[1.266s] INFO:colcon.colcon_core.shell:Creating package descriptor '/home/ad/dev_ws/src/my_bot/install/articubot_one/share/articubot_one/package.dsv'
[1.267s] INFO:colcon.colcon_core.shell:Creating package script '/home/ad/dev_ws/src/my_bot/install/articubot_one/share/articubot_one/package.sh'
[1.267s] INFO:colcon.colcon_core.shell:Creating package script '/home/ad/dev_ws/src/my_bot/install/articubot_one/share/articubot_one/package.bash'
[1.267s] INFO:colcon.colcon_core.shell:Creating package script '/home/ad/dev_ws/src/my_bot/install/articubot_one/share/articubot_one/package.zsh'
[1.268s] Level 1:colcon.colcon_core.environment:create_file_with_runtime_dependencies(/home/ad/dev_ws/src/my_bot/install/articubot_one/share/colcon-core/packages/articubot_one)
[1.268s] Level 1:colcon.colcon_core.environment:create_environment_scripts_only(articubot_one)
[1.268s] Level 1:colcon.colcon_core.environment:checking '/home/ad/dev_ws/src/my_bot/install/articubot_one' for CMake module files
[1.269s] Level 1:colcon.colcon_core.environment:checking '/home/ad/dev_ws/src/my_bot/install/articubot_one' for CMake config files
[1.269s] Level 1:colcon.colcon_core.shell:create_environment_hook('articubot_one', 'cmake_prefix_path')
[1.269s] INFO:colcon.colcon_core.shell:Creating environment hook '/home/ad/dev_ws/src/my_bot/install/articubot_one/share/articubot_one/hook/cmake_prefix_path.ps1'
[1.269s] INFO:colcon.colcon_core.shell:Creating environment descriptor '/home/ad/dev_ws/src/my_bot/install/articubot_one/share/articubot_one/hook/cmake_prefix_path.dsv'
[1.269s] INFO:colcon.colcon_core.shell:Creating environment hook '/home/ad/dev_ws/src/my_bot/install/articubot_one/share/articubot_one/hook/cmake_prefix_path.sh'
[1.270s] Level 1:colcon.colcon_core.environment:checking '/home/ad/dev_ws/src/my_bot/install/articubot_one/bin'
[1.270s] Level 1:colcon.colcon_core.environment:checking '/home/ad/dev_ws/src/my_bot/install/articubot_one/lib/pkgconfig/articubot_one.pc'
[1.270s] Level 1:colcon.colcon_core.environment:checking '/home/ad/dev_ws/src/my_bot/install/articubot_one/lib/python3.12/site-packages'
[1.270s] Level 1:colcon.colcon_core.environment:checking '/home/ad/dev_ws/src/my_bot/install/articubot_one/bin'
[1.270s] INFO:colcon.colcon_core.shell:Creating package script '/home/ad/dev_ws/src/my_bot/install/articubot_one/share/articubot_one/package.ps1'
[1.271s] INFO:colcon.colcon_core.shell:Creating package descriptor '/home/ad/dev_ws/src/my_bot/install/articubot_one/share/articubot_one/package.dsv'
[1.271s] INFO:colcon.colcon_core.shell:Creating package script '/home/ad/dev_ws/src/my_bot/install/articubot_one/share/articubot_one/package.sh'
[1.271s] INFO:colcon.colcon_core.shell:Creating package script '/home/ad/dev_ws/src/my_bot/install/articubot_one/share/articubot_one/package.bash'
[1.271s] INFO:colcon.colcon_core.shell:Creating package script '/home/ad/dev_ws/src/my_bot/install/articubot_one/share/articubot_one/package.zsh'
[1.272s] Level 1:colcon.colcon_core.environment:create_file_with_runtime_dependencies(/home/ad/dev_ws/src/my_bot/install/articubot_one/share/colcon-core/packages/articubot_one)
[1.272s] DEBUG:colcon.colcon_parallel_executor.executor.parallel:closing loop
[1.272s] DEBUG:colcon.colcon_parallel_executor.executor.parallel:loop closed
[1.272s] DEBUG:colcon.colcon_parallel_executor.executor.parallel:run_until_complete finished with '0'
[1.272s] DEBUG:colcon.colcon_core.event_reactor:joining thread
[1.278s] INFO:colcon.colcon_core.plugin_system:Skipping extension 'colcon_notification.desktop_notification.terminal_notifier': Not used on non-Darwin systems
[1.278s] INFO:colcon.colcon_core.plugin_system:Skipping extension 'colcon_notification.desktop_notification.win32': Not used on non-Windows systems
[1.278s] INFO:colcon.colcon_notification.desktop_notification:Sending desktop notification using 'notify2'
[1.297s] DEBUG:colcon.colcon_core.event_reactor:joined thread
[1.297s] INFO:colcon.colcon_core.shell:Creating prefix script '/home/ad/dev_ws/src/my_bot/install/local_setup.ps1'
[1.298s] INFO:colcon.colcon_core.shell:Creating prefix util module '/home/ad/dev_ws/src/my_bot/install/_local_setup_util_ps1.py'
[1.298s] INFO:colcon.colcon_core.shell:Creating prefix chain script '/home/ad/dev_ws/src/my_bot/install/setup.ps1'
[1.299s] INFO:colcon.colcon_core.shell:Creating prefix script '/home/ad/dev_ws/src/my_bot/install/local_setup.sh'
[1.299s] INFO:colcon.colcon_core.shell:Creating prefix util module '/home/ad/dev_ws/src/my_bot/install/_local_setup_util_sh.py'
[1.300s] INFO:colcon.colcon_core.shell:Creating prefix chain script '/home/ad/dev_ws/src/my_bot/install/setup.sh'
[1.300s] INFO:colcon.colcon_core.shell:Creating prefix script '/home/ad/dev_ws/src/my_bot/install/local_setup.bash'
[1.301s] INFO:colcon.colcon_core.shell:Creating prefix chain script '/home/ad/dev_ws/src/my_bot/install/setup.bash'
[1.301s] INFO:colcon.colcon_core.shell:Creating prefix script '/home/ad/dev_ws/src/my_bot/install/local_setup.zsh'
[1.302s] INFO:colcon.colcon_core.shell:Creating prefix chain script '/home/ad/dev_ws/src/my_bot/install/setup.zsh'
