-- The C compiler identification is GNU 13.3.0
-- The CXX compiler identification is GNU 13.3.0
-- Detecting C compiler ABI info
-- Detecting C compiler ABI info - done
-- Check for working C compiler: /usr/bin/cc - skipped
-- Detecting C compile features
-- Detecting C compile features - done
-- Detecting CXX compiler ABI info
-- Detecting CXX compiler ABI info - done
-- Check for working CXX compiler: /usr/bin/c++ - skipped
-- Detecting CXX compile features
-- Detecting CXX compile features - done
-- Found ament_cmake: 2.5.4 (/opt/ros/jazzy/share/ament_cmake/cmake)
-- Found Python3: /usr/bin/python3 (found version "3.12.3") found components: Interpreter 
-- Override CMake install command with custom implementation using symlinks instead of copying resources
-- Found ament_lint_auto: 0.17.3 (/opt/ros/jazzy/share/ament_lint_auto/cmake)
-- Added test 'copyright' to check source files copyright and LICENSE
-- Added test 'cppcheck' to perform static code analysis on C / C++ code
-- Configured cppcheck include dirs: 
-- Configured cppcheck exclude dirs and/or files: 
-- Added test 'cpplint' to check C / C++ code against the Google style
-- Configured cpplint exclude dirs and/or files: 
-- Added test 'flake8' to check Python code syntax and style conventions
-- Configured 'flake8' exclude dirs and/or files: 
-- Added test 'lint_cmake' to check CMake code style
-- Added test 'pep257' to check Python code against some of the docstring style conventions in PEP 257
-- Added test 'uncrustify' to check C / C++ code style
-- Configured uncrustify additional arguments: 
-- Added test 'xmllint' to check XML markup files
-- Configuring done (0.6s)
-- Generating done (0.0s)
-- Build files have been written to: /home/ad/dev_ws/src/my_bot/build/articubot_one
-- Install configuration: ""
-- Execute custom install script
-- Symlinking: /home/ad/dev_ws/src/my_bot/install/articubot_one/share/articubot_one/config/drive_bot.rviz
-- Symlinking: /home/ad/dev_ws/src/my_bot/install/articubot_one/share/articubot_one/config/empty.yaml
-- Symlinking: /home/ad/dev_ws/src/my_bot/install/articubot_one/share/articubot_one/config/gaz_ros2_ctl_use_sim.yaml
-- Symlinking: /home/ad/dev_ws/src/my_bot/install/articubot_one/share/articubot_one/config/gazebo_params.yaml
-- Symlinking: /home/ad/dev_ws/src/my_bot/install/articubot_one/share/articubot_one/config/main.rviz
-- Symlinking: /home/ad/dev_ws/src/my_bot/install/articubot_one/share/articubot_one/config/my_controllers.yaml
-- Symlinking: /home/ad/dev_ws/src/my_bot/install/articubot_one/share/articubot_one/config/view_bot.rviz
-- Symlinking: /home/ad/dev_ws/src/my_bot/install/articubot_one/share/articubot_one/description/camera.xacro
-- Symlinking: /home/ad/dev_ws/src/my_bot/install/articubot_one/share/articubot_one/description/depth_camera.xacro
-- Symlinking: /home/ad/dev_ws/src/my_bot/install/articubot_one/share/articubot_one/description/face.xacro
-- Symlinking: /home/ad/dev_ws/src/my_bot/install/articubot_one/share/articubot_one/description/gazebo_control.xacro
-- Symlinking: /home/ad/dev_ws/src/my_bot/install/articubot_one/share/articubot_one/description/inertial_macros.xacro
-- Symlinking: /home/ad/dev_ws/src/my_bot/install/articubot_one/share/articubot_one/description/lidar.xacro
-- Symlinking: /home/ad/dev_ws/src/my_bot/install/articubot_one/share/articubot_one/description/robot.urdf.xacro
-- Symlinking: /home/ad/dev_ws/src/my_bot/install/articubot_one/share/articubot_one/description/robot_core.xacro
-- Symlinking: /home/ad/dev_ws/src/my_bot/install/articubot_one/share/articubot_one/description/ros2_control.xacro
-- Symlinking: /home/ad/dev_ws/src/my_bot/install/articubot_one/share/articubot_one/launch/camera.launch.py
-- Symlinking: /home/ad/dev_ws/src/my_bot/install/articubot_one/share/articubot_one/launch/launch_robot.launch.py
-- Symlinking: /home/ad/dev_ws/src/my_bot/install/articubot_one/share/articubot_one/launch/launch_sim.launch.py
-- Symlinking: /home/ad/dev_ws/src/my_bot/install/articubot_one/share/articubot_one/launch/rplidar.launch.py
-- Symlinking: /home/ad/dev_ws/src/my_bot/install/articubot_one/share/articubot_one/launch/rsp.launch.py
-- Symlinking: /home/ad/dev_ws/src/my_bot/install/articubot_one/share/articubot_one/worlds/empty.world
-- Symlinking: /home/ad/dev_ws/src/my_bot/install/articubot_one/share/articubot_one/worlds/obstacles.world
-- Symlinking: /home/ad/dev_ws/src/my_bot/install/articubot_one/share/ament_index/resource_index/package_run_dependencies/articubot_one
-- Symlinking: /home/ad/dev_ws/src/my_bot/install/articubot_one/share/ament_index/resource_index/parent_prefix_path/articubot_one
-- Symlinking: /home/ad/dev_ws/src/my_bot/install/articubot_one/share/articubot_one/environment/ament_prefix_path.sh
-- Symlinking: /home/ad/dev_ws/src/my_bot/install/articubot_one/share/articubot_one/environment/ament_prefix_path.dsv
-- Symlinking: /home/ad/dev_ws/src/my_bot/install/articubot_one/share/articubot_one/environment/path.sh
-- Symlinking: /home/ad/dev_ws/src/my_bot/install/articubot_one/share/articubot_one/environment/path.dsv
-- Symlinking: /home/ad/dev_ws/src/my_bot/install/articubot_one/share/articubot_one/local_setup.bash
-- Symlinking: /home/ad/dev_ws/src/my_bot/install/articubot_one/share/articubot_one/local_setup.sh
-- Symlinking: /home/ad/dev_ws/src/my_bot/install/articubot_one/share/articubot_one/local_setup.zsh
-- Symlinking: /home/ad/dev_ws/src/my_bot/install/articubot_one/share/articubot_one/local_setup.dsv
-- Symlinking: /home/ad/dev_ws/src/my_bot/install/articubot_one/share/articubot_one/package.dsv
-- Symlinking: /home/ad/dev_ws/src/my_bot/install/articubot_one/share/ament_index/resource_index/packages/articubot_one
-- Symlinking: /home/ad/dev_ws/src/my_bot/install/articubot_one/share/articubot_one/cmake/articubot_oneConfig.cmake
-- Symlinking: /home/ad/dev_ws/src/my_bot/install/articubot_one/share/articubot_one/cmake/articubot_oneConfig-version.cmake
-- Symlinking: /home/ad/dev_ws/src/my_bot/install/articubot_one/share/articubot_one/package.xml
